<?xml version="1.0" encoding="UTF-8"?>
<!-- Generated by org.testng.reporters.JUnitReportReporter -->
<testsuite hostname="DESKTOP-C4N2SCR" failures="0" tests="1" name="testSpteps.TestFirst" time="19.708" errors="0" timestamp="2021-10-17T22:20:19 CDT" skipped="0">
  <testcase classname="testSpteps.TestFirst" name="anything" time="19.708"/>
  <system-out/>
</testsuite> <!-- testSpteps.TestFirst -->
