<?xml version="1.0" encoding="UTF-8"?>
<!-- Generated by org.testng.reporters.JUnitReportReporter -->
<testsuite hostname="DESKTOP-C4N2SCR" failures="0" tests="4" name="testSpteps.RestRequests" time="5.827" errors="0" timestamp="2021-11-07T18:44:12 CST" skipped="0">
  <testcase classname="testSpteps.RestRequests" name="getResquest" time="0.632"/>
  <system-out/>
  <testcase classname="testSpteps.RestRequests" name="postRequest" time="0.748"/>
  <system-out/>
  <testcase classname="testSpteps.RestRequests" name="postRequest2" time="0.650"/>
  <system-out/>
  <testcase classname="testSpteps.RestRequests" name="getDataUsingJsonPath" time="3.797"/>
  <system-out/>
</testsuite> <!-- testSpteps.RestRequests -->
