<?xml version="1.0" encoding="UTF-8"?>
<!-- Generated by org.testng.reporters.JUnitReportReporter -->
<testsuite hostname="DESKTOP-C4N2SCR" failures="0" tests="2" name="mainScripts.DBTests" time="0.998" errors="0" timestamp="2021-11-08T16:21:08 CST" skipped="0">
  <testcase classname="mainScripts.DBTests" name="twoTablesAssertion" time="0.130"/>
  <system-out/>
  <testcase classname="mainScripts.DBTests" name="dbTest" time="0.868"/>
  <system-out/>
</testsuite> <!-- mainScripts.DBTests -->
