<?xml version="1.0" encoding="UTF-8"?>
<!-- Generated by org.testng.reporters.JUnitReportReporter -->
<testsuite hostname="DESKTOP-C4N2SCR" failures="0" tests="1" name="mainScripts.TestFirst" time="11.417" errors="0" timestamp="2021-11-08T13:20:11 CST" skipped="0">
  <testcase classname="mainScripts.TestFirst" name="anything" time="11.417"/>
  <system-out/>
</testsuite> <!-- mainScripts.TestFirst -->
